2023-04-01 09:49:10.017  INFO 14104 --- [restartedMain] c.example.onlineoj.OnlineOjApplication   : Starting OnlineOjApplication using Java 1.8.0_192 on HONOR-MAGICBOOK with PID 14104 (D:\Github\OnlineOJ\target\classes started by wangfuming in D:\Github\OnlineOJ)
2023-04-01 09:49:10.024  INFO 14104 --- [restartedMain] c.example.onlineoj.OnlineOjApplication   : No active profile set, falling back to 1 default profile: "default"
2023-04-01 09:49:10.117  INFO 14104 --- [restartedMain] .e.DevToolsPropertyDefaultsPostProcessor : Devtools property defaults active! Set 'spring.devtools.add-properties' to 'false' to disable
2023-04-01 09:49:10.118  INFO 14104 --- [restartedMain] .e.DevToolsPropertyDefaultsPostProcessor : For additional web related logging consider setting the 'logging.level.web' property to 'DEBUG'
2023-04-01 09:49:11.400  INFO 14104 --- [restartedMain] o.s.b.w.embedded.tomcat.TomcatWebServer  : Tomcat initialized with port(s): 8083 (http)
2023-04-01 09:49:11.412  INFO 14104 --- [restartedMain] o.apache.catalina.core.StandardService   : Starting service [Tomcat]
2023-04-01 09:49:11.412  INFO 14104 --- [restartedMain] org.apache.catalina.core.StandardEngine  : Starting Servlet engine: [Apache Tomcat/9.0.60]
2023-04-01 09:49:11.485  INFO 14104 --- [restartedMain] o.a.c.c.C.[Tomcat].[localhost].[/]       : Initializing Spring embedded WebApplicationContext
2023-04-01 09:49:11.485  INFO 14104 --- [restartedMain] w.s.c.ServletWebServerApplicationContext : Root WebApplicationContext: initialization completed in 1366 ms
2023-04-01 09:49:12.051  INFO 14104 --- [restartedMain] o.s.b.a.w.s.WelcomePageHandlerMapping    : Adding welcome page: class path resource [static/index.html]
2023-04-01 09:49:12.190  INFO 14104 --- [restartedMain] o.s.b.d.a.OptionalLiveReloadServer       : LiveReload server is running on port 35729
2023-04-01 09:49:12.218  INFO 14104 --- [restartedMain] o.s.b.w.embedded.tomcat.TomcatWebServer  : Tomcat started on port(s): 8083 (http) with context path ''
2023-04-01 09:49:12.229  INFO 14104 --- [restartedMain] c.example.onlineoj.OnlineOjApplication   : Started OnlineOjApplication in 2.807 seconds (JVM running for 4.038)
2023-04-01 09:49:42.615  INFO 14104 --- [http-nio-8083-exec-1] o.a.c.c.C.[Tomcat].[localhost].[/]       : Initializing Spring DispatcherServlet 'dispatcherServlet'
2023-04-01 09:49:42.616  INFO 14104 --- [http-nio-8083-exec-1] o.s.web.servlet.DispatcherServlet        : Initializing Servlet 'dispatcherServlet'
2023-04-01 09:49:42.618  INFO 14104 --- [http-nio-8083-exec-1] o.s.web.servlet.DispatcherServlet        : Completed initialization in 2 ms
2023-04-01 09:49:44.796  INFO 14104 --- [http-nio-8083-exec-1] com.zaxxer.hikari.HikariDataSource       : HikariPool-1 - Starting...
2023-04-01 09:49:45.102  INFO 14104 --- [http-nio-8083-exec-1] com.zaxxer.hikari.HikariDataSource       : HikariPool-1 - Start completed.
2023-04-01 09:53:29.623  INFO 14104 --- [SpringApplicationShutdownHook] com.zaxxer.hikari.HikariDataSource       : HikariPool-1 - Shutdown initiated...
2023-04-01 09:53:29.682  INFO 14104 --- [SpringApplicationShutdownHook] com.zaxxer.hikari.HikariDataSource       : HikariPool-1 - Shutdown completed.
2023-04-01 10:01:34.007  INFO 16528 --- [restartedMain] c.example.onlineoj.OnlineOjApplication   : Starting OnlineOjApplication using Java 1.8.0_192 on HONOR-MAGICBOOK with PID 16528 (D:\Github\OnlineOJ\target\classes started by wangfuming in D:\Github\OnlineOJ)
2023-04-01 10:01:34.009  INFO 16528 --- [restartedMain] c.example.onlineoj.OnlineOjApplication   : No active profile set, falling back to 1 default profile: "default"
2023-04-01 10:01:34.077  INFO 16528 --- [restartedMain] .e.DevToolsPropertyDefaultsPostProcessor : Devtools property defaults active! Set 'spring.devtools.add-properties' to 'false' to disable
2023-04-01 10:01:34.077  INFO 16528 --- [restartedMain] .e.DevToolsPropertyDefaultsPostProcessor : For additional web related logging consider setting the 'logging.level.web' property to 'DEBUG'
2023-04-01 10:01:35.289  INFO 16528 --- [restartedMain] o.s.b.w.embedded.tomcat.TomcatWebServer  : Tomcat initialized with port(s): 8083 (http)
2023-04-01 10:01:35.297  INFO 16528 --- [restartedMain] o.apache.catalina.core.StandardService   : Starting service [Tomcat]
2023-04-01 10:01:35.297  INFO 16528 --- [restartedMain] org.apache.catalina.core.StandardEngine  : Starting Servlet engine: [Apache Tomcat/9.0.60]
2023-04-01 10:01:35.375  INFO 16528 --- [restartedMain] o.a.c.c.C.[Tomcat].[localhost].[/]       : Initializing Spring embedded WebApplicationContext
2023-04-01 10:01:35.376  INFO 16528 --- [restartedMain] w.s.c.ServletWebServerApplicationContext : Root WebApplicationContext: initialization completed in 1298 ms
2023-04-01 10:01:35.930  INFO 16528 --- [restartedMain] o.s.b.a.w.s.WelcomePageHandlerMapping    : Adding welcome page: class path resource [static/index.html]
2023-04-01 10:01:36.061  INFO 16528 --- [restartedMain] o.s.b.d.a.OptionalLiveReloadServer       : LiveReload server is running on port 35729
2023-04-01 10:01:36.090  INFO 16528 --- [restartedMain] o.s.b.w.embedded.tomcat.TomcatWebServer  : Tomcat started on port(s): 8083 (http) with context path ''
2023-04-01 10:01:36.100  INFO 16528 --- [restartedMain] c.example.onlineoj.OnlineOjApplication   : Started OnlineOjApplication in 2.593 seconds (JVM running for 3.553)
2023-04-01 10:02:46.600  INFO 16528 --- [http-nio-8083-exec-1] o.a.c.c.C.[Tomcat].[localhost].[/]       : Initializing Spring DispatcherServlet 'dispatcherServlet'
2023-04-01 10:02:46.600  INFO 16528 --- [http-nio-8083-exec-1] o.s.web.servlet.DispatcherServlet        : Initializing Servlet 'dispatcherServlet'
2023-04-01 10:02:46.602  INFO 16528 --- [http-nio-8083-exec-1] o.s.web.servlet.DispatcherServlet        : Completed initialization in 2 ms
2023-04-01 10:02:46.731  INFO 16528 --- [http-nio-8083-exec-1] com.zaxxer.hikari.HikariDataSource       : HikariPool-1 - Starting...
2023-04-01 10:02:46.838  INFO 16528 --- [http-nio-8083-exec-1] com.zaxxer.hikari.HikariDataSource       : HikariPool-1 - Start completed.
2023-04-01 10:05:40.933  WARN 16528 --- [http-nio-8083-exec-1] .w.s.m.s.DefaultHandlerExceptionResolver : Resolved [org.springframework.http.converter.HttpMessageNotReadableException: Required request body is missing: public java.lang.Object com.example.onlineoj.controller.ProblemController.compile(com.example.onlineoj.model.CompileRequest)]
2023-04-01 10:06:08.479  INFO 16528 --- [SpringApplicationShutdownHook] com.zaxxer.hikari.HikariDataSource       : HikariPool-1 - Shutdown initiated...
2023-04-01 10:06:08.522  INFO 16528 --- [SpringApplicationShutdownHook] com.zaxxer.hikari.HikariDataSource       : HikariPool-1 - Shutdown completed.
2023-04-01 10:06:19.677  INFO 960 --- [restartedMain] c.example.onlineoj.OnlineOjApplication   : Starting OnlineOjApplication using Java 1.8.0_192 on HONOR-MAGICBOOK with PID 960 (D:\Github\OnlineOJ\target\classes started by wangfuming in D:\Github\OnlineOJ)
2023-04-01 10:06:19.681  INFO 960 --- [restartedMain] c.example.onlineoj.OnlineOjApplication   : No active profile set, falling back to 1 default profile: "default"
2023-04-01 10:06:19.744  INFO 960 --- [restartedMain] .e.DevToolsPropertyDefaultsPostProcessor : Devtools property defaults active! Set 'spring.devtools.add-properties' to 'false' to disable
2023-04-01 10:06:19.744  INFO 960 --- [restartedMain] .e.DevToolsPropertyDefaultsPostProcessor : For additional web related logging consider setting the 'logging.level.web' property to 'DEBUG'
2023-04-01 10:06:21.101  INFO 960 --- [restartedMain] o.s.b.w.embedded.tomcat.TomcatWebServer  : Tomcat initialized with port(s): 8083 (http)
2023-04-01 10:06:21.109  INFO 960 --- [restartedMain] o.apache.catalina.core.StandardService   : Starting service [Tomcat]
2023-04-01 10:06:21.109  INFO 960 --- [restartedMain] org.apache.catalina.core.StandardEngine  : Starting Servlet engine: [Apache Tomcat/9.0.60]
2023-04-01 10:06:21.169  INFO 960 --- [restartedMain] o.a.c.c.C.[Tomcat].[localhost].[/]       : Initializing Spring embedded WebApplicationContext
2023-04-01 10:06:21.170  INFO 960 --- [restartedMain] w.s.c.ServletWebServerApplicationContext : Root WebApplicationContext: initialization completed in 1425 ms
2023-04-01 10:06:21.629  INFO 960 --- [restartedMain] o.s.b.a.w.s.WelcomePageHandlerMapping    : Adding welcome page: class path resource [static/index.html]
2023-04-01 10:06:21.741  INFO 960 --- [restartedMain] o.s.b.d.a.OptionalLiveReloadServer       : LiveReload server is running on port 35729
2023-04-01 10:06:21.772  INFO 960 --- [restartedMain] o.s.b.w.embedded.tomcat.TomcatWebServer  : Tomcat started on port(s): 8083 (http) with context path ''
2023-04-01 10:06:21.780  INFO 960 --- [restartedMain] c.example.onlineoj.OnlineOjApplication   : Started OnlineOjApplication in 2.793 seconds (JVM running for 3.775)
2023-04-01 10:06:26.430  INFO 960 --- [http-nio-8083-exec-1] o.a.c.c.C.[Tomcat].[localhost].[/]       : Initializing Spring DispatcherServlet 'dispatcherServlet'
2023-04-01 10:06:26.430  INFO 960 --- [http-nio-8083-exec-1] o.s.web.servlet.DispatcherServlet        : Initializing Servlet 'dispatcherServlet'
2023-04-01 10:06:26.431  INFO 960 --- [http-nio-8083-exec-1] o.s.web.servlet.DispatcherServlet        : Completed initialization in 1 ms
2023-04-01 10:06:26.859  INFO 960 --- [http-nio-8083-exec-2] com.zaxxer.hikari.HikariDataSource       : HikariPool-1 - Starting...
2023-04-01 10:06:26.982  INFO 960 --- [http-nio-8083-exec-2] com.zaxxer.hikari.HikariDataSource       : HikariPool-1 - Start completed.
2023-04-01 10:07:23.555  INFO 1404 --- [restartedMain] c.example.onlineoj.OnlineOjApplication   : Starting OnlineOjApplication using Java 1.8.0_192 on HONOR-MAGICBOOK with PID 1404 (D:\Github\OnlineOJ\target\classes started by wangfuming in D:\Github\OnlineOJ)
2023-04-01 10:07:23.558  INFO 1404 --- [restartedMain] c.example.onlineoj.OnlineOjApplication   : No active profile set, falling back to 1 default profile: "default"
2023-04-01 10:07:23.624  INFO 1404 --- [restartedMain] .e.DevToolsPropertyDefaultsPostProcessor : Devtools property defaults active! Set 'spring.devtools.add-properties' to 'false' to disable
2023-04-01 10:07:23.626  INFO 1404 --- [restartedMain] .e.DevToolsPropertyDefaultsPostProcessor : For additional web related logging consider setting the 'logging.level.web' property to 'DEBUG'
2023-04-01 10:07:24.811  INFO 1404 --- [restartedMain] o.s.b.w.embedded.tomcat.TomcatWebServer  : Tomcat initialized with port(s): 8083 (http)
2023-04-01 10:07:24.819  INFO 1404 --- [restartedMain] o.apache.catalina.core.StandardService   : Starting service [Tomcat]
2023-04-01 10:07:24.819  INFO 1404 --- [restartedMain] org.apache.catalina.core.StandardEngine  : Starting Servlet engine: [Apache Tomcat/9.0.60]
2023-04-01 10:07:24.887  INFO 1404 --- [restartedMain] o.a.c.c.C.[Tomcat].[localhost].[/]       : Initializing Spring embedded WebApplicationContext
2023-04-01 10:07:24.887  INFO 1404 --- [restartedMain] w.s.c.ServletWebServerApplicationContext : Root WebApplicationContext: initialization completed in 1259 ms
2023-04-01 10:07:25.366  INFO 1404 --- [restartedMain] o.s.b.a.w.s.WelcomePageHandlerMapping    : Adding welcome page: class path resource [static/index.html]
2023-04-01 10:07:25.584  INFO 1404 --- [restartedMain] o.s.b.d.a.OptionalLiveReloadServer       : LiveReload server is running on port 35729
2023-04-01 10:07:25.617  INFO 1404 --- [restartedMain] o.s.b.w.embedded.tomcat.TomcatWebServer  : Tomcat started on port(s): 8083 (http) with context path ''
2023-04-01 10:07:25.630  INFO 1404 --- [restartedMain] c.example.onlineoj.OnlineOjApplication   : Started OnlineOjApplication in 2.6 seconds (JVM running for 3.543)
2023-04-01 10:07:30.627  INFO 1404 --- [http-nio-8083-exec-2] o.a.c.c.C.[Tomcat].[localhost].[/]       : Initializing Spring DispatcherServlet 'dispatcherServlet'
2023-04-01 10:07:30.628  INFO 1404 --- [http-nio-8083-exec-2] o.s.web.servlet.DispatcherServlet        : Initializing Servlet 'dispatcherServlet'
2023-04-01 10:07:30.628  INFO 1404 --- [http-nio-8083-exec-2] o.s.web.servlet.DispatcherServlet        : Completed initialization in 0 ms
2023-04-01 10:07:31.097  INFO 1404 --- [http-nio-8083-exec-5] com.zaxxer.hikari.HikariDataSource       : HikariPool-1 - Starting...
2023-04-01 10:07:31.399  INFO 1404 --- [http-nio-8083-exec-5] com.zaxxer.hikari.HikariDataSource       : HikariPool-1 - Start completed.
2023-04-01 10:07:41.822 ERROR 1404 --- [http-nio-8083-exec-8] o.a.c.c.C.[.[.[/].[dispatcherServlet]    : Servlet.service() for servlet [dispatcherServlet] in context with path [] threw exception [Request processing failed; nested exception is java.lang.NullPointerException] with root cause

java.lang.NullPointerException: null
	at com.example.onlineoj.controller.ProblemController.compile(ProblemController.java:136) ~[classes/:na]
	at sun.reflect.NativeMethodAccessorImpl.invoke0(Native Method) ~[na:1.8.0_192]
	at sun.reflect.NativeMethodAccessorImpl.invoke(NativeMethodAccessorImpl.java:62) ~[na:1.8.0_192]
	at sun.reflect.DelegatingMethodAccessorImpl.invoke(DelegatingMethodAccessorImpl.java:43) ~[na:1.8.0_192]
	at java.lang.reflect.Method.invoke(Method.java:498) ~[na:1.8.0_192]
	at org.springframework.web.method.support.InvocableHandlerMethod.doInvoke(InvocableHandlerMethod.java:205) ~[spring-web-5.3.17.jar:5.3.17]
	at org.springframework.web.method.support.InvocableHandlerMethod.invokeForRequest(InvocableHandlerMethod.java:150) ~[spring-web-5.3.17.jar:5.3.17]
	at org.springframework.web.servlet.mvc.method.annotation.ServletInvocableHandlerMethod.invokeAndHandle(ServletInvocableHandlerMethod.java:117) ~[spring-webmvc-5.3.17.jar:5.3.17]
	at org.springframework.web.servlet.mvc.method.annotation.RequestMappingHandlerAdapter.invokeHandlerMethod(RequestMappingHandlerAdapter.java:895) ~[spring-webmvc-5.3.17.jar:5.3.17]
	at org.springframework.web.servlet.mvc.method.annotation.RequestMappingHandlerAdapter.handleInternal(RequestMappingHandlerAdapter.java:808) ~[spring-webmvc-5.3.17.jar:5.3.17]
	at org.springframework.web.servlet.mvc.method.AbstractHandlerMethodAdapter.handle(AbstractHandlerMethodAdapter.java:87) ~[spring-webmvc-5.3.17.jar:5.3.17]
	at org.springframework.web.servlet.DispatcherServlet.doDispatch(DispatcherServlet.java:1067) ~[spring-webmvc-5.3.17.jar:5.3.17]
	at org.springframework.web.servlet.DispatcherServlet.doService(DispatcherServlet.java:963) ~[spring-webmvc-5.3.17.jar:5.3.17]
	at org.springframework.web.servlet.FrameworkServlet.processRequest(FrameworkServlet.java:1006) ~[spring-webmvc-5.3.17.jar:5.3.17]
	at org.springframework.web.servlet.FrameworkServlet.doPost(FrameworkServlet.java:909) ~[spring-webmvc-5.3.17.jar:5.3.17]
	at javax.servlet.http.HttpServlet.service(HttpServlet.java:681) ~[tomcat-embed-core-9.0.60.jar:4.0.FR]
	at org.springframework.web.servlet.FrameworkServlet.service(FrameworkServlet.java:883) ~[spring-webmvc-5.3.17.jar:5.3.17]
	at javax.servlet.http.HttpServlet.service(HttpServlet.java:764) ~[tomcat-embed-core-9.0.60.jar:4.0.FR]
	at org.apache.catalina.core.ApplicationFilterChain.internalDoFilter(ApplicationFilterChain.java:227) ~[tomcat-embed-core-9.0.60.jar:9.0.60]
	at org.apache.catalina.core.ApplicationFilterChain.doFilter(ApplicationFilterChain.java:162) ~[tomcat-embed-core-9.0.60.jar:9.0.60]
	at org.apache.tomcat.websocket.server.WsFilter.doFilter(WsFilter.java:53) ~[tomcat-embed-websocket-9.0.60.jar:9.0.60]
	at org.apache.catalina.core.ApplicationFilterChain.internalDoFilter(ApplicationFilterChain.java:189) ~[tomcat-embed-core-9.0.60.jar:9.0.60]
	at org.apache.catalina.core.ApplicationFilterChain.doFilter(ApplicationFilterChain.java:162) ~[tomcat-embed-core-9.0.60.jar:9.0.60]
	at org.springframework.web.filter.RequestContextFilter.doFilterInternal(RequestContextFilter.java:100) ~[spring-web-5.3.17.jar:5.3.17]
	at org.springframework.web.filter.OncePerRequestFilter.doFilter(OncePerRequestFilter.java:117) ~[spring-web-5.3.17.jar:5.3.17]
	at org.apache.catalina.core.ApplicationFilterChain.internalDoFilter(ApplicationFilterChain.java:189) ~[tomcat-embed-core-9.0.60.jar:9.0.60]
	at org.apache.catalina.core.ApplicationFilterChain.doFilter(ApplicationFilterChain.java:162) ~[tomcat-embed-core-9.0.60.jar:9.0.60]
	at org.springframework.web.filter.FormContentFilter.doFilterInternal(FormContentFilter.java:93) ~[spring-web-5.3.17.jar:5.3.17]
	at org.springframework.web.filter.OncePerRequestFilter.doFilter(OncePerRequestFilter.java:117) ~[spring-web-5.3.17.jar:5.3.17]
	at org.apache.catalina.core.ApplicationFilterChain.internalDoFilter(ApplicationFilterChain.java:189) ~[tomcat-embed-core-9.0.60.jar:9.0.60]
	at org.apache.catalina.core.ApplicationFilterChain.doFilter(ApplicationFilterChain.java:162) ~[tomcat-embed-core-9.0.60.jar:9.0.60]
	at org.springframework.web.filter.CharacterEncodingFilter.doFilterInternal(CharacterEncodingFilter.java:201) ~[spring-web-5.3.17.jar:5.3.17]
	at org.springframework.web.filter.OncePerRequestFilter.doFilter(OncePerRequestFilter.java:117) ~[spring-web-5.3.17.jar:5.3.17]
	at org.apache.catalina.core.ApplicationFilterChain.internalDoFilter(ApplicationFilterChain.java:189) ~[tomcat-embed-core-9.0.60.jar:9.0.60]
	at org.apache.catalina.core.ApplicationFilterChain.doFilter(ApplicationFilterChain.java:162) ~[tomcat-embed-core-9.0.60.jar:9.0.60]
	at org.apache.catalina.core.StandardWrapperValve.invoke(StandardWrapperValve.java:197) ~[tomcat-embed-core-9.0.60.jar:9.0.60]
	at org.apache.catalina.core.StandardContextValve.invoke(StandardContextValve.java:97) [tomcat-embed-core-9.0.60.jar:9.0.60]
	at org.apache.catalina.authenticator.AuthenticatorBase.invoke(AuthenticatorBase.java:541) [tomcat-embed-core-9.0.60.jar:9.0.60]
	at org.apache.catalina.core.StandardHostValve.invoke(StandardHostValve.java:135) [tomcat-embed-core-9.0.60.jar:9.0.60]
	at org.apache.catalina.valves.ErrorReportValve.invoke(ErrorReportValve.java:92) [tomcat-embed-core-9.0.60.jar:9.0.60]
	at org.apache.catalina.core.StandardEngineValve.invoke(StandardEngineValve.java:78) [tomcat-embed-core-9.0.60.jar:9.0.60]
	at org.apache.catalina.connector.CoyoteAdapter.service(CoyoteAdapter.java:360) [tomcat-embed-core-9.0.60.jar:9.0.60]
	at org.apache.coyote.http11.Http11Processor.service(Http11Processor.java:399) [tomcat-embed-core-9.0.60.jar:9.0.60]
	at org.apache.coyote.AbstractProcessorLight.process(AbstractProcessorLight.java:65) [tomcat-embed-core-9.0.60.jar:9.0.60]
	at org.apache.coyote.AbstractProtocol$ConnectionHandler.process(AbstractProtocol.java:889) [tomcat-embed-core-9.0.60.jar:9.0.60]
	at org.apache.tomcat.util.net.NioEndpoint$SocketProcessor.doRun(NioEndpoint.java:1743) [tomcat-embed-core-9.0.60.jar:9.0.60]
	at org.apache.tomcat.util.net.SocketProcessorBase.run(SocketProcessorBase.java:49) [tomcat-embed-core-9.0.60.jar:9.0.60]
	at org.apache.tomcat.util.threads.ThreadPoolExecutor.runWorker(ThreadPoolExecutor.java:1191) [tomcat-embed-core-9.0.60.jar:9.0.60]
	at org.apache.tomcat.util.threads.ThreadPoolExecutor$Worker.run(ThreadPoolExecutor.java:659) [tomcat-embed-core-9.0.60.jar:9.0.60]
	at org.apache.tomcat.util.threads.TaskThread$WrappingRunnable.run(TaskThread.java:61) [tomcat-embed-core-9.0.60.jar:9.0.60]
	at java.lang.Thread.run(Thread.java:748) [na:1.8.0_192]

2023-04-01 10:07:53.022 ERROR 1404 --- [http-nio-8083-exec-9] o.a.c.c.C.[.[.[/].[dispatcherServlet]    : Servlet.service() for servlet [dispatcherServlet] in context with path [] threw exception [Request processing failed; nested exception is java.lang.NullPointerException] with root cause

java.lang.NullPointerException: null
	at com.example.onlineoj.controller.ProblemController.compile(ProblemController.java:136) ~[classes/:na]
	at sun.reflect.NativeMethodAccessorImpl.invoke0(Native Method) ~[na:1.8.0_192]
	at sun.reflect.NativeMethodAccessorImpl.invoke(NativeMethodAccessorImpl.java:62) ~[na:1.8.0_192]
	at sun.reflect.DelegatingMethodAccessorImpl.invoke(DelegatingMethodAccessorImpl.java:43) ~[na:1.8.0_192]
	at java.lang.reflect.Method.invoke(Method.java:498) ~[na:1.8.0_192]
	at org.springframework.web.method.support.InvocableHandlerMethod.doInvoke(InvocableHandlerMethod.java:205) ~[spring-web-5.3.17.jar:5.3.17]
	at org.springframework.web.method.support.InvocableHandlerMethod.invokeForRequest(InvocableHandlerMethod.java:150) ~[spring-web-5.3.17.jar:5.3.17]
	at org.springframework.web.servlet.mvc.method.annotation.ServletInvocableHandlerMethod.invokeAndHandle(ServletInvocableHandlerMethod.java:117) ~[spring-webmvc-5.3.17.jar:5.3.17]
	at org.springframework.web.servlet.mvc.method.annotation.RequestMappingHandlerAdapter.invokeHandlerMethod(RequestMappingHandlerAdapter.java:895) ~[spring-webmvc-5.3.17.jar:5.3.17]
	at org.springframework.web.servlet.mvc.method.annotation.RequestMappingHandlerAdapter.handleInternal(RequestMappingHandlerAdapter.java:808) ~[spring-webmvc-5.3.17.jar:5.3.17]
	at org.springframework.web.servlet.mvc.method.AbstractHandlerMethodAdapter.handle(AbstractHandlerMethodAdapter.java:87) ~[spring-webmvc-5.3.17.jar:5.3.17]
	at org.springframework.web.servlet.DispatcherServlet.doDispatch(DispatcherServlet.java:1067) ~[spring-webmvc-5.3.17.jar:5.3.17]
	at org.springframework.web.servlet.DispatcherServlet.doService(DispatcherServlet.java:963) ~[spring-webmvc-5.3.17.jar:5.3.17]
	at org.springframework.web.servlet.FrameworkServlet.processRequest(FrameworkServlet.java:1006) ~[spring-webmvc-5.3.17.jar:5.3.17]
	at org.springframework.web.servlet.FrameworkServlet.doPost(FrameworkServlet.java:909) ~[spring-webmvc-5.3.17.jar:5.3.17]
	at javax.servlet.http.HttpServlet.service(HttpServlet.java:681) ~[tomcat-embed-core-9.0.60.jar:4.0.FR]
	at org.springframework.web.servlet.FrameworkServlet.service(FrameworkServlet.java:883) ~[spring-webmvc-5.3.17.jar:5.3.17]
	at javax.servlet.http.HttpServlet.service(HttpServlet.java:764) ~[tomcat-embed-core-9.0.60.jar:4.0.FR]
	at org.apache.catalina.core.ApplicationFilterChain.internalDoFilter(ApplicationFilterChain.java:227) ~[tomcat-embed-core-9.0.60.jar:9.0.60]
	at org.apache.catalina.core.ApplicationFilterChain.doFilter(ApplicationFilterChain.java:162) ~[tomcat-embed-core-9.0.60.jar:9.0.60]
	at org.apache.tomcat.websocket.server.WsFilter.doFilter(WsFilter.java:53) ~[tomcat-embed-websocket-9.0.60.jar:9.0.60]
	at org.apache.catalina.core.ApplicationFilterChain.internalDoFilter(ApplicationFilterChain.java:189) ~[tomcat-embed-core-9.0.60.jar:9.0.60]
	at org.apache.catalina.core.ApplicationFilterChain.doFilter(ApplicationFilterChain.java:162) ~[tomcat-embed-core-9.0.60.jar:9.0.60]
	at org.springframework.web.filter.RequestContextFilter.doFilterInternal(RequestContextFilter.java:100) ~[spring-web-5.3.17.jar:5.3.17]
	at org.springframework.web.filter.OncePerRequestFilter.doFilter(OncePerRequestFilter.java:117) ~[spring-web-5.3.17.jar:5.3.17]
	at org.apache.catalina.core.ApplicationFilterChain.internalDoFilter(ApplicationFilterChain.java:189) ~[tomcat-embed-core-9.0.60.jar:9.0.60]
	at org.apache.catalina.core.ApplicationFilterChain.doFilter(ApplicationFilterChain.java:162) ~[tomcat-embed-core-9.0.60.jar:9.0.60]
	at org.springframework.web.filter.FormContentFilter.doFilterInternal(FormContentFilter.java:93) ~[spring-web-5.3.17.jar:5.3.17]
	at org.springframework.web.filter.OncePerRequestFilter.doFilter(OncePerRequestFilter.java:117) ~[spring-web-5.3.17.jar:5.3.17]
	at org.apache.catalina.core.ApplicationFilterChain.internalDoFilter(ApplicationFilterChain.java:189) ~[tomcat-embed-core-9.0.60.jar:9.0.60]
	at org.apache.catalina.core.ApplicationFilterChain.doFilter(ApplicationFilterChain.java:162) ~[tomcat-embed-core-9.0.60.jar:9.0.60]
	at org.springframework.web.filter.CharacterEncodingFilter.doFilterInternal(CharacterEncodingFilter.java:201) ~[spring-web-5.3.17.jar:5.3.17]
	at org.springframework.web.filter.OncePerRequestFilter.doFilter(OncePerRequestFilter.java:117) ~[spring-web-5.3.17.jar:5.3.17]
	at org.apache.catalina.core.ApplicationFilterChain.internalDoFilter(ApplicationFilterChain.java:189) ~[tomcat-embed-core-9.0.60.jar:9.0.60]
	at org.apache.catalina.core.ApplicationFilterChain.doFilter(ApplicationFilterChain.java:162) ~[tomcat-embed-core-9.0.60.jar:9.0.60]
	at org.apache.catalina.core.StandardWrapperValve.invoke(StandardWrapperValve.java:197) ~[tomcat-embed-core-9.0.60.jar:9.0.60]
	at org.apache.catalina.core.StandardContextValve.invoke(StandardContextValve.java:97) [tomcat-embed-core-9.0.60.jar:9.0.60]
	at org.apache.catalina.authenticator.AuthenticatorBase.invoke(AuthenticatorBase.java:541) [tomcat-embed-core-9.0.60.jar:9.0.60]
	at org.apache.catalina.core.StandardHostValve.invoke(StandardHostValve.java:135) [tomcat-embed-core-9.0.60.jar:9.0.60]
	at org.apache.catalina.valves.ErrorReportValve.invoke(ErrorReportValve.java:92) [tomcat-embed-core-9.0.60.jar:9.0.60]
	at org.apache.catalina.core.StandardEngineValve.invoke(StandardEngineValve.java:78) [tomcat-embed-core-9.0.60.jar:9.0.60]
	at org.apache.catalina.connector.CoyoteAdapter.service(CoyoteAdapter.java:360) [tomcat-embed-core-9.0.60.jar:9.0.60]
	at org.apache.coyote.http11.Http11Processor.service(Http11Processor.java:399) [tomcat-embed-core-9.0.60.jar:9.0.60]
	at org.apache.coyote.AbstractProcessorLight.process(AbstractProcessorLight.java:65) [tomcat-embed-core-9.0.60.jar:9.0.60]
	at org.apache.coyote.AbstractProtocol$ConnectionHandler.process(AbstractProtocol.java:889) [tomcat-embed-core-9.0.60.jar:9.0.60]
	at org.apache.tomcat.util.net.NioEndpoint$SocketProcessor.doRun(NioEndpoint.java:1743) [tomcat-embed-core-9.0.60.jar:9.0.60]
	at org.apache.tomcat.util.net.SocketProcessorBase.run(SocketProcessorBase.java:49) [tomcat-embed-core-9.0.60.jar:9.0.60]
	at org.apache.tomcat.util.threads.ThreadPoolExecutor.runWorker(ThreadPoolExecutor.java:1191) [tomcat-embed-core-9.0.60.jar:9.0.60]
	at org.apache.tomcat.util.threads.ThreadPoolExecutor$Worker.run(ThreadPoolExecutor.java:659) [tomcat-embed-core-9.0.60.jar:9.0.60]
	at org.apache.tomcat.util.threads.TaskThread$WrappingRunnable.run(TaskThread.java:61) [tomcat-embed-core-9.0.60.jar:9.0.60]
	at java.lang.Thread.run(Thread.java:748) [na:1.8.0_192]

2023-04-01 10:08:06.343  INFO 1404 --- [SpringApplicationShutdownHook] com.zaxxer.hikari.HikariDataSource       : HikariPool-1 - Shutdown initiated...
2023-04-01 10:08:06.350  INFO 1404 --- [SpringApplicationShutdownHook] com.zaxxer.hikari.HikariDataSource       : HikariPool-1 - Shutdown completed.
2023-04-01 10:11:44.455  INFO 11032 --- [restartedMain] c.example.onlineoj.OnlineOjApplication   : Starting OnlineOjApplication using Java 1.8.0_192 on HONOR-MAGICBOOK with PID 11032 (D:\Github\OnlineOJ\target\classes started by wangfuming in D:\Github\OnlineOJ)
2023-04-01 10:11:44.456  INFO 11032 --- [restartedMain] c.example.onlineoj.OnlineOjApplication   : No active profile set, falling back to 1 default profile: "default"
2023-04-01 10:11:44.518  INFO 11032 --- [restartedMain] .e.DevToolsPropertyDefaultsPostProcessor : Devtools property defaults active! Set 'spring.devtools.add-properties' to 'false' to disable
2023-04-01 10:11:44.518  INFO 11032 --- [restartedMain] .e.DevToolsPropertyDefaultsPostProcessor : For additional web related logging consider setting the 'logging.level.web' property to 'DEBUG'
2023-04-01 10:11:45.886  INFO 11032 --- [restartedMain] o.s.b.w.embedded.tomcat.TomcatWebServer  : Tomcat initialized with port(s): 8083 (http)
2023-04-01 10:11:45.900  INFO 11032 --- [restartedMain] o.apache.catalina.core.StandardService   : Starting service [Tomcat]
2023-04-01 10:11:45.900  INFO 11032 --- [restartedMain] org.apache.catalina.core.StandardEngine  : Starting Servlet engine: [Apache Tomcat/9.0.60]
2023-04-01 10:11:45.976  INFO 11032 --- [restartedMain] o.a.c.c.C.[Tomcat].[localhost].[/]       : Initializing Spring embedded WebApplicationContext
2023-04-01 10:11:45.977  INFO 11032 --- [restartedMain] w.s.c.ServletWebServerApplicationContext : Root WebApplicationContext: initialization completed in 1458 ms
2023-04-01 10:11:46.632  INFO 11032 --- [restartedMain] o.s.b.a.w.s.WelcomePageHandlerMapping    : Adding welcome page: class path resource [static/index.html]
2023-04-01 10:11:46.785  INFO 11032 --- [restartedMain] o.s.b.d.a.OptionalLiveReloadServer       : LiveReload server is running on port 35729
2023-04-01 10:11:46.822  INFO 11032 --- [restartedMain] o.s.b.w.embedded.tomcat.TomcatWebServer  : Tomcat started on port(s): 8083 (http) with context path ''
2023-04-01 10:11:46.839  INFO 11032 --- [restartedMain] c.example.onlineoj.OnlineOjApplication   : Started OnlineOjApplication in 2.89 seconds (JVM running for 4.758)
2023-04-01 10:11:52.634  INFO 11032 --- [http-nio-8083-exec-1] o.a.c.c.C.[Tomcat].[localhost].[/]       : Initializing Spring DispatcherServlet 'dispatcherServlet'
2023-04-01 10:11:52.634  INFO 11032 --- [http-nio-8083-exec-1] o.s.web.servlet.DispatcherServlet        : Initializing Servlet 'dispatcherServlet'
2023-04-01 10:11:52.635  INFO 11032 --- [http-nio-8083-exec-1] o.s.web.servlet.DispatcherServlet        : Completed initialization in 0 ms
2023-04-01 10:11:53.034  INFO 11032 --- [http-nio-8083-exec-5] com.zaxxer.hikari.HikariDataSource       : HikariPool-1 - Starting...
2023-04-01 10:11:53.217  INFO 11032 --- [http-nio-8083-exec-5] com.zaxxer.hikari.HikariDataSource       : HikariPool-1 - Start completed.
2023-04-01 10:15:10.580 ERROR 11032 --- [http-nio-8083-exec-8] o.a.c.c.C.[.[.[/].[dispatcherServlet]    : Servlet.service() for servlet [dispatcherServlet] in context with path [] threw exception [Request processing failed; nested exception is java.lang.NullPointerException] with root cause

java.lang.NullPointerException: null
	at com.example.onlineoj.controller.ProblemController.compile(ProblemController.java:136) ~[classes/:na]
	at sun.reflect.NativeMethodAccessorImpl.invoke0(Native Method) ~[na:1.8.0_192]
	at sun.reflect.NativeMethodAccessorImpl.invoke(NativeMethodAccessorImpl.java:62) ~[na:1.8.0_192]
	at sun.reflect.DelegatingMethodAccessorImpl.invoke(DelegatingMethodAccessorImpl.java:43) ~[na:1.8.0_192]
	at java.lang.reflect.Method.invoke(Method.java:498) ~[na:1.8.0_192]
	at org.springframework.web.method.support.InvocableHandlerMethod.doInvoke(InvocableHandlerMethod.java:205) ~[spring-web-5.3.17.jar:5.3.17]
	at org.springframework.web.method.support.InvocableHandlerMethod.invokeForRequest(InvocableHandlerMethod.java:150) ~[spring-web-5.3.17.jar:5.3.17]
	at org.springframework.web.servlet.mvc.method.annotation.ServletInvocableHandlerMethod.invokeAndHandle(ServletInvocableHandlerMethod.java:117) ~[spring-webmvc-5.3.17.jar:5.3.17]
	at org.springframework.web.servlet.mvc.method.annotation.RequestMappingHandlerAdapter.invokeHandlerMethod(RequestMappingHandlerAdapter.java:895) ~[spring-webmvc-5.3.17.jar:5.3.17]
	at org.springframework.web.servlet.mvc.method.annotation.RequestMappingHandlerAdapter.handleInternal(RequestMappingHandlerAdapter.java:808) ~[spring-webmvc-5.3.17.jar:5.3.17]
	at org.springframework.web.servlet.mvc.method.AbstractHandlerMethodAdapter.handle(AbstractHandlerMethodAdapter.java:87) ~[spring-webmvc-5.3.17.jar:5.3.17]
	at org.springframework.web.servlet.DispatcherServlet.doDispatch(DispatcherServlet.java:1067) ~[spring-webmvc-5.3.17.jar:5.3.17]
	at org.springframework.web.servlet.DispatcherServlet.doService(DispatcherServlet.java:963) ~[spring-webmvc-5.3.17.jar:5.3.17]
	at org.springframework.web.servlet.FrameworkServlet.processRequest(FrameworkServlet.java:1006) ~[spring-webmvc-5.3.17.jar:5.3.17]
	at org.springframework.web.servlet.FrameworkServlet.doPost(FrameworkServlet.java:909) ~[spring-webmvc-5.3.17.jar:5.3.17]
	at javax.servlet.http.HttpServlet.service(HttpServlet.java:681) ~[tomcat-embed-core-9.0.60.jar:4.0.FR]
	at org.springframework.web.servlet.FrameworkServlet.service(FrameworkServlet.java:883) ~[spring-webmvc-5.3.17.jar:5.3.17]
	at javax.servlet.http.HttpServlet.service(HttpServlet.java:764) ~[tomcat-embed-core-9.0.60.jar:4.0.FR]
	at org.apache.catalina.core.ApplicationFilterChain.internalDoFilter(ApplicationFilterChain.java:227) ~[tomcat-embed-core-9.0.60.jar:9.0.60]
	at org.apache.catalina.core.ApplicationFilterChain.doFilter(ApplicationFilterChain.java:162) ~[tomcat-embed-core-9.0.60.jar:9.0.60]
	at org.apache.tomcat.websocket.server.WsFilter.doFilter(WsFilter.java:53) ~[tomcat-embed-websocket-9.0.60.jar:9.0.60]
	at org.apache.catalina.core.ApplicationFilterChain.internalDoFilter(ApplicationFilterChain.java:189) ~[tomcat-embed-core-9.0.60.jar:9.0.60]
	at org.apache.catalina.core.ApplicationFilterChain.doFilter(ApplicationFilterChain.java:162) ~[tomcat-embed-core-9.0.60.jar:9.0.60]
	at org.springframework.web.filter.RequestContextFilter.doFilterInternal(RequestContextFilter.java:100) ~[spring-web-5.3.17.jar:5.3.17]
	at org.springframework.web.filter.OncePerRequestFilter.doFilter(OncePerRequestFilter.java:117) ~[spring-web-5.3.17.jar:5.3.17]
	at org.apache.catalina.core.ApplicationFilterChain.internalDoFilter(ApplicationFilterChain.java:189) ~[tomcat-embed-core-9.0.60.jar:9.0.60]
	at org.apache.catalina.core.ApplicationFilterChain.doFilter(ApplicationFilterChain.java:162) ~[tomcat-embed-core-9.0.60.jar:9.0.60]
	at org.springframework.web.filter.FormContentFilter.doFilterInternal(FormContentFilter.java:93) ~[spring-web-5.3.17.jar:5.3.17]
	at org.springframework.web.filter.OncePerRequestFilter.doFilter(OncePerRequestFilter.java:117) ~[spring-web-5.3.17.jar:5.3.17]
	at org.apache.catalina.core.ApplicationFilterChain.internalDoFilter(ApplicationFilterChain.java:189) ~[tomcat-embed-core-9.0.60.jar:9.0.60]
	at org.apache.catalina.core.ApplicationFilterChain.doFilter(ApplicationFilterChain.java:162) ~[tomcat-embed-core-9.0.60.jar:9.0.60]
	at org.springframework.web.filter.CharacterEncodingFilter.doFilterInternal(CharacterEncodingFilter.java:201) ~[spring-web-5.3.17.jar:5.3.17]
	at org.springframework.web.filter.OncePerRequestFilter.doFilter(OncePerRequestFilter.java:117) ~[spring-web-5.3.17.jar:5.3.17]
	at org.apache.catalina.core.ApplicationFilterChain.internalDoFilter(ApplicationFilterChain.java:189) ~[tomcat-embed-core-9.0.60.jar:9.0.60]
	at org.apache.catalina.core.ApplicationFilterChain.doFilter(ApplicationFilterChain.java:162) ~[tomcat-embed-core-9.0.60.jar:9.0.60]
	at org.apache.catalina.core.StandardWrapperValve.invoke(StandardWrapperValve.java:197) ~[tomcat-embed-core-9.0.60.jar:9.0.60]
	at org.apache.catalina.core.StandardContextValve.invoke(StandardContextValve.java:97) [tomcat-embed-core-9.0.60.jar:9.0.60]
	at org.apache.catalina.authenticator.AuthenticatorBase.invoke(AuthenticatorBase.java:541) [tomcat-embed-core-9.0.60.jar:9.0.60]
	at org.apache.catalina.core.StandardHostValve.invoke(StandardHostValve.java:135) [tomcat-embed-core-9.0.60.jar:9.0.60]
	at org.apache.catalina.valves.ErrorReportValve.invoke(ErrorReportValve.java:92) [tomcat-embed-core-9.0.60.jar:9.0.60]
	at org.apache.catalina.core.StandardEngineValve.invoke(StandardEngineValve.java:78) [tomcat-embed-core-9.0.60.jar:9.0.60]
	at org.apache.catalina.connector.CoyoteAdapter.service(CoyoteAdapter.java:360) [tomcat-embed-core-9.0.60.jar:9.0.60]
	at org.apache.coyote.http11.Http11Processor.service(Http11Processor.java:399) [tomcat-embed-core-9.0.60.jar:9.0.60]
	at org.apache.coyote.AbstractProcessorLight.process(AbstractProcessorLight.java:65) [tomcat-embed-core-9.0.60.jar:9.0.60]
	at org.apache.coyote.AbstractProtocol$ConnectionHandler.process(AbstractProtocol.java:889) [tomcat-embed-core-9.0.60.jar:9.0.60]
	at org.apache.tomcat.util.net.NioEndpoint$SocketProcessor.doRun(NioEndpoint.java:1743) [tomcat-embed-core-9.0.60.jar:9.0.60]
	at org.apache.tomcat.util.net.SocketProcessorBase.run(SocketProcessorBase.java:49) [tomcat-embed-core-9.0.60.jar:9.0.60]
	at org.apache.tomcat.util.threads.ThreadPoolExecutor.runWorker(ThreadPoolExecutor.java:1191) [tomcat-embed-core-9.0.60.jar:9.0.60]
	at org.apache.tomcat.util.threads.ThreadPoolExecutor$Worker.run(ThreadPoolExecutor.java:659) [tomcat-embed-core-9.0.60.jar:9.0.60]
	at org.apache.tomcat.util.threads.TaskThread$WrappingRunnable.run(TaskThread.java:61) [tomcat-embed-core-9.0.60.jar:9.0.60]
	at java.lang.Thread.run(Thread.java:748) [na:1.8.0_192]

2023-04-01 10:15:10.854  INFO 11032 --- [SpringApplicationShutdownHook] com.zaxxer.hikari.HikariDataSource       : HikariPool-1 - Shutdown initiated...
2023-04-01 10:15:10.871  INFO 11032 --- [SpringApplicationShutdownHook] com.zaxxer.hikari.HikariDataSource       : HikariPool-1 - Shutdown completed.
2023-04-01 10:18:39.133  INFO 4340 --- [restartedMain] c.example.onlineoj.OnlineOjApplication   : Starting OnlineOjApplication using Java 1.8.0_192 on HONOR-MAGICBOOK with PID 4340 (D:\Github\OnlineOJ\target\classes started by wangfuming in D:\Github\OnlineOJ)
2023-04-01 10:18:39.134  INFO 4340 --- [restartedMain] c.example.onlineoj.OnlineOjApplication   : No active profile set, falling back to 1 default profile: "default"
2023-04-01 10:18:39.198  INFO 4340 --- [restartedMain] .e.DevToolsPropertyDefaultsPostProcessor : Devtools property defaults active! Set 'spring.devtools.add-properties' to 'false' to disable
2023-04-01 10:18:39.198  INFO 4340 --- [restartedMain] .e.DevToolsPropertyDefaultsPostProcessor : For additional web related logging consider setting the 'logging.level.web' property to 'DEBUG'
2023-04-01 10:18:40.386  INFO 4340 --- [restartedMain] o.s.b.w.embedded.tomcat.TomcatWebServer  : Tomcat initialized with port(s): 8083 (http)
2023-04-01 10:18:40.397  INFO 4340 --- [restartedMain] o.apache.catalina.core.StandardService   : Starting service [Tomcat]
2023-04-01 10:18:40.397  INFO 4340 --- [restartedMain] org.apache.catalina.core.StandardEngine  : Starting Servlet engine: [Apache Tomcat/9.0.60]
2023-04-01 10:18:40.478  INFO 4340 --- [restartedMain] o.a.c.c.C.[Tomcat].[localhost].[/]       : Initializing Spring embedded WebApplicationContext
2023-04-01 10:18:40.479  INFO 4340 --- [restartedMain] w.s.c.ServletWebServerApplicationContext : Root WebApplicationContext: initialization completed in 1279 ms
2023-04-01 10:18:40.977  INFO 4340 --- [restartedMain] o.s.b.a.w.s.WelcomePageHandlerMapping    : Adding welcome page: class path resource [static/index.html]
2023-04-01 10:18:41.164  INFO 4340 --- [restartedMain] o.s.b.d.a.OptionalLiveReloadServer       : LiveReload server is running on port 35729
2023-04-01 10:18:41.194  INFO 4340 --- [restartedMain] o.s.b.w.embedded.tomcat.TomcatWebServer  : Tomcat started on port(s): 8083 (http) with context path ''
2023-04-01 10:18:41.205  INFO 4340 --- [restartedMain] c.example.onlineoj.OnlineOjApplication   : Started OnlineOjApplication in 2.608 seconds (JVM running for 3.636)
2023-04-01 10:18:49.114  INFO 4340 --- [http-nio-8083-exec-1] o.a.c.c.C.[Tomcat].[localhost].[/]       : Initializing Spring DispatcherServlet 'dispatcherServlet'
2023-04-01 10:18:49.114  INFO 4340 --- [http-nio-8083-exec-1] o.s.web.servlet.DispatcherServlet        : Initializing Servlet 'dispatcherServlet'
2023-04-01 10:18:49.115  INFO 4340 --- [http-nio-8083-exec-1] o.s.web.servlet.DispatcherServlet        : Completed initialization in 1 ms
2023-04-01 10:18:49.204  INFO 4340 --- [http-nio-8083-exec-1] com.zaxxer.hikari.HikariDataSource       : HikariPool-1 - Starting...
2023-04-01 10:18:49.309  INFO 4340 --- [http-nio-8083-exec-1] com.zaxxer.hikari.HikariDataSource       : HikariPool-1 - Start completed.
2023-04-01 10:19:30.395  INFO 4340 --- [SpringApplicationShutdownHook] com.zaxxer.hikari.HikariDataSource       : HikariPool-1 - Shutdown initiated...
2023-04-01 10:19:30.402  INFO 4340 --- [SpringApplicationShutdownHook] com.zaxxer.hikari.HikariDataSource       : HikariPool-1 - Shutdown completed.
2023-04-01 10:21:07.414  INFO 16072 --- [restartedMain] c.example.onlineoj.OnlineOjApplication   : Starting OnlineOjApplication using Java 1.8.0_192 on HONOR-MAGICBOOK with PID 16072 (D:\Github\OnlineOJ\target\classes started by wangfuming in D:\Github\OnlineOJ)
2023-04-01 10:21:07.418  INFO 16072 --- [restartedMain] c.example.onlineoj.OnlineOjApplication   : No active profile set, falling back to 1 default profile: "default"
2023-04-01 10:21:07.489  INFO 16072 --- [restartedMain] .e.DevToolsPropertyDefaultsPostProcessor : Devtools property defaults active! Set 'spring.devtools.add-properties' to 'false' to disable
2023-04-01 10:21:07.490  INFO 16072 --- [restartedMain] .e.DevToolsPropertyDefaultsPostProcessor : For additional web related logging consider setting the 'logging.level.web' property to 'DEBUG'
2023-04-01 10:21:08.710  INFO 16072 --- [restartedMain] o.s.b.w.embedded.tomcat.TomcatWebServer  : Tomcat initialized with port(s): 8083 (http)
2023-04-01 10:21:08.725  INFO 16072 --- [restartedMain] o.apache.catalina.core.StandardService   : Starting service [Tomcat]
2023-04-01 10:21:08.725  INFO 16072 --- [restartedMain] org.apache.catalina.core.StandardEngine  : Starting Servlet engine: [Apache Tomcat/9.0.60]
2023-04-01 10:21:08.804  INFO 16072 --- [restartedMain] o.a.c.c.C.[Tomcat].[localhost].[/]       : Initializing Spring embedded WebApplicationContext
2023-04-01 10:21:08.805  INFO 16072 --- [restartedMain] w.s.c.ServletWebServerApplicationContext : Root WebApplicationContext: initialization completed in 1314 ms
2023-04-01 10:21:09.288  INFO 16072 --- [restartedMain] o.s.b.a.w.s.WelcomePageHandlerMapping    : Adding welcome page: class path resource [static/index.html]
2023-04-01 10:21:09.492  INFO 16072 --- [restartedMain] o.s.b.d.a.OptionalLiveReloadServer       : LiveReload server is running on port 35729
2023-04-01 10:21:09.527  INFO 16072 --- [restartedMain] o.s.b.w.embedded.tomcat.TomcatWebServer  : Tomcat started on port(s): 8083 (http) with context path ''
2023-04-01 10:21:09.539  INFO 16072 --- [restartedMain] c.example.onlineoj.OnlineOjApplication   : Started OnlineOjApplication in 2.676 seconds (JVM running for 3.665)
2023-04-01 10:21:10.859  INFO 16072 --- [http-nio-8083-exec-1] o.a.c.c.C.[Tomcat].[localhost].[/]       : Initializing Spring DispatcherServlet 'dispatcherServlet'
2023-04-01 10:21:10.860  INFO 16072 --- [http-nio-8083-exec-1] o.s.web.servlet.DispatcherServlet        : Initializing Servlet 'dispatcherServlet'
2023-04-01 10:21:10.862  INFO 16072 --- [http-nio-8083-exec-1] o.s.web.servlet.DispatcherServlet        : Completed initialization in 2 ms
2023-04-01 10:21:10.989  INFO 16072 --- [http-nio-8083-exec-1] com.zaxxer.hikari.HikariDataSource       : HikariPool-1 - Starting...
2023-04-01 10:21:11.090  INFO 16072 --- [http-nio-8083-exec-1] com.zaxxer.hikari.HikariDataSource       : HikariPool-1 - Start completed.
2023-04-01 10:21:38.559  INFO 16072 --- [SpringApplicationShutdownHook] com.zaxxer.hikari.HikariDataSource       : HikariPool-1 - Shutdown initiated...
2023-04-01 10:21:38.569  INFO 16072 --- [SpringApplicationShutdownHook] com.zaxxer.hikari.HikariDataSource       : HikariPool-1 - Shutdown completed.
2023-04-01 10:21:45.568  INFO 16716 --- [restartedMain] c.example.onlineoj.OnlineOjApplication   : Starting OnlineOjApplication using Java 1.8.0_192 on HONOR-MAGICBOOK with PID 16716 (D:\Github\OnlineOJ\target\classes started by wangfuming in D:\Github\OnlineOJ)
2023-04-01 10:21:45.571  INFO 16716 --- [restartedMain] c.example.onlineoj.OnlineOjApplication   : No active profile set, falling back to 1 default profile: "default"
2023-04-01 10:21:45.698  INFO 16716 --- [restartedMain] .e.DevToolsPropertyDefaultsPostProcessor : Devtools property defaults active! Set 'spring.devtools.add-properties' to 'false' to disable
2023-04-01 10:21:45.699  INFO 16716 --- [restartedMain] .e.DevToolsPropertyDefaultsPostProcessor : For additional web related logging consider setting the 'logging.level.web' property to 'DEBUG'
2023-04-01 10:21:48.162  INFO 16716 --- [restartedMain] o.s.b.w.embedded.tomcat.TomcatWebServer  : Tomcat initialized with port(s): 8083 (http)
2023-04-01 10:21:48.180  INFO 16716 --- [restartedMain] o.apache.catalina.core.StandardService   : Starting service [Tomcat]
2023-04-01 10:21:48.181  INFO 16716 --- [restartedMain] org.apache.catalina.core.StandardEngine  : Starting Servlet engine: [Apache Tomcat/9.0.60]
2023-04-01 10:21:48.275  INFO 16716 --- [restartedMain] o.a.c.c.C.[Tomcat].[localhost].[/]       : Initializing Spring embedded WebApplicationContext
2023-04-01 10:21:48.275  INFO 16716 --- [restartedMain] w.s.c.ServletWebServerApplicationContext : Root WebApplicationContext: initialization completed in 2575 ms
2023-04-01 10:21:49.260  INFO 16716 --- [restartedMain] o.s.b.a.w.s.WelcomePageHandlerMapping    : Adding welcome page: class path resource [static/index.html]
2023-04-01 10:21:49.520  INFO 16716 --- [restartedMain] o.s.b.d.a.OptionalLiveReloadServer       : LiveReload server is running on port 35729
2023-04-01 10:21:49.571  INFO 16716 --- [restartedMain] o.s.b.w.embedded.tomcat.TomcatWebServer  : Tomcat started on port(s): 8083 (http) with context path ''
2023-04-01 10:21:49.589  INFO 16716 --- [restartedMain] c.example.onlineoj.OnlineOjApplication   : Started OnlineOjApplication in 4.849 seconds (JVM running for 6.105)
2023-04-01 10:21:55.292  INFO 16716 --- [http-nio-8083-exec-1] o.a.c.c.C.[Tomcat].[localhost].[/]       : Initializing Spring DispatcherServlet 'dispatcherServlet'
2023-04-01 10:21:55.294  INFO 16716 --- [http-nio-8083-exec-1] o.s.web.servlet.DispatcherServlet        : Initializing Servlet 'dispatcherServlet'
2023-04-01 10:21:55.294  INFO 16716 --- [http-nio-8083-exec-1] o.s.web.servlet.DispatcherServlet        : Completed initialization in 0 ms
2023-04-01 10:22:06.526  INFO 16716 --- [http-nio-8083-exec-1] com.zaxxer.hikari.HikariDataSource       : HikariPool-1 - Starting...
2023-04-01 10:22:07.057  INFO 16716 --- [http-nio-8083-exec-1] com.zaxxer.hikari.HikariDataSource       : HikariPool-1 - Start completed.
2023-04-01 10:23:04.727  WARN 16716 --- [HikariPool-1 housekeeper] com.zaxxer.hikari.pool.HikariPool        : HikariPool-1 - Thread starvation or clock leap detected (housekeeper delta=57s566ms197µs700ns).
2023-04-01 10:23:56.580  WARN 16716 --- [HikariPool-1 housekeeper] com.zaxxer.hikari.pool.HikariPool        : HikariPool-1 - Thread starvation or clock leap detected (housekeeper delta=51s854ms70µs400ns).
2023-04-01 10:23:56.894  INFO 16716 --- [SpringApplicationShutdownHook] com.zaxxer.hikari.HikariDataSource       : HikariPool-1 - Shutdown initiated...
2023-04-01 10:23:56.984  INFO 16716 --- [SpringApplicationShutdownHook] com.zaxxer.hikari.HikariDataSource       : HikariPool-1 - Shutdown completed.
2023-04-01 10:24:45.494  INFO 968 --- [restartedMain] c.example.onlineoj.OnlineOjApplication   : Starting OnlineOjApplication using Java 1.8.0_192 on HONOR-MAGICBOOK with PID 968 (D:\Github\OnlineOJ\target\classes started by wangfuming in D:\Github\OnlineOJ)
2023-04-01 10:24:45.496  INFO 968 --- [restartedMain] c.example.onlineoj.OnlineOjApplication   : No active profile set, falling back to 1 default profile: "default"
2023-04-01 10:24:45.554  INFO 968 --- [restartedMain] .e.DevToolsPropertyDefaultsPostProcessor : Devtools property defaults active! Set 'spring.devtools.add-properties' to 'false' to disable
2023-04-01 10:24:45.555  INFO 968 --- [restartedMain] .e.DevToolsPropertyDefaultsPostProcessor : For additional web related logging consider setting the 'logging.level.web' property to 'DEBUG'
2023-04-01 10:24:47.040  INFO 968 --- [restartedMain] o.s.b.w.embedded.tomcat.TomcatWebServer  : Tomcat initialized with port(s): 8083 (http)
2023-04-01 10:24:47.048  INFO 968 --- [restartedMain] o.apache.catalina.core.StandardService   : Starting service [Tomcat]
2023-04-01 10:24:47.048  INFO 968 --- [restartedMain] org.apache.catalina.core.StandardEngine  : Starting Servlet engine: [Apache Tomcat/9.0.60]
2023-04-01 10:24:47.118  INFO 968 --- [restartedMain] o.a.c.c.C.[Tomcat].[localhost].[/]       : Initializing Spring embedded WebApplicationContext
2023-04-01 10:24:47.119  INFO 968 --- [restartedMain] w.s.c.ServletWebServerApplicationContext : Root WebApplicationContext: initialization completed in 1561 ms
2023-04-01 10:24:47.640  INFO 968 --- [restartedMain] o.s.b.a.w.s.WelcomePageHandlerMapping    : Adding welcome page: class path resource [static/index.html]
2023-04-01 10:24:47.874  INFO 968 --- [restartedMain] o.s.b.d.a.OptionalLiveReloadServer       : LiveReload server is running on port 35729
2023-04-01 10:24:47.911  INFO 968 --- [restartedMain] o.s.b.w.embedded.tomcat.TomcatWebServer  : Tomcat started on port(s): 8083 (http) with context path ''
2023-04-01 10:24:47.920  INFO 968 --- [restartedMain] c.example.onlineoj.OnlineOjApplication   : Started OnlineOjApplication in 3.183 seconds (JVM running for 4.473)
2023-04-01 10:24:50.391  INFO 968 --- [http-nio-8083-exec-1] o.a.c.c.C.[Tomcat].[localhost].[/]       : Initializing Spring DispatcherServlet 'dispatcherServlet'
2023-04-01 10:24:50.391  INFO 968 --- [http-nio-8083-exec-1] o.s.web.servlet.DispatcherServlet        : Initializing Servlet 'dispatcherServlet'
2023-04-01 10:24:50.393  INFO 968 --- [http-nio-8083-exec-1] o.s.web.servlet.DispatcherServlet        : Completed initialization in 1 ms
2023-04-01 10:24:50.568  INFO 968 --- [http-nio-8083-exec-1] com.zaxxer.hikari.HikariDataSource       : HikariPool-1 - Starting...
2023-04-01 10:24:50.731  INFO 968 --- [http-nio-8083-exec-1] com.zaxxer.hikari.HikariDataSource       : HikariPool-1 - Start completed.
2023-04-01 10:24:55.733  INFO 968 --- [SpringApplicationShutdownHook] com.zaxxer.hikari.HikariDataSource       : HikariPool-1 - Shutdown initiated...
2023-04-01 10:24:55.741  INFO 968 --- [SpringApplicationShutdownHook] com.zaxxer.hikari.HikariDataSource       : HikariPool-1 - Shutdown completed.
2023-04-01 10:25:10.825  INFO 11368 --- [restartedMain] c.example.onlineoj.OnlineOjApplication   : Starting OnlineOjApplication using Java 1.8.0_192 on HONOR-MAGICBOOK with PID 11368 (D:\Github\OnlineOJ\target\classes started by wangfuming in D:\Github\OnlineOJ)
2023-04-01 10:25:10.826  INFO 11368 --- [restartedMain] c.example.onlineoj.OnlineOjApplication   : No active profile set, falling back to 1 default profile: "default"
2023-04-01 10:25:10.892  INFO 11368 --- [restartedMain] .e.DevToolsPropertyDefaultsPostProcessor : Devtools property defaults active! Set 'spring.devtools.add-properties' to 'false' to disable
2023-04-01 10:25:10.892  INFO 11368 --- [restartedMain] .e.DevToolsPropertyDefaultsPostProcessor : For additional web related logging consider setting the 'logging.level.web' property to 'DEBUG'
2023-04-01 10:25:12.184  INFO 11368 --- [restartedMain] o.s.b.w.embedded.tomcat.TomcatWebServer  : Tomcat initialized with port(s): 8083 (http)
2023-04-01 10:25:12.197  INFO 11368 --- [restartedMain] o.apache.catalina.core.StandardService   : Starting service [Tomcat]
2023-04-01 10:25:12.197  INFO 11368 --- [restartedMain] org.apache.catalina.core.StandardEngine  : Starting Servlet engine: [Apache Tomcat/9.0.60]
2023-04-01 10:25:12.278  INFO 11368 --- [restartedMain] o.a.c.c.C.[Tomcat].[localhost].[/]       : Initializing Spring embedded WebApplicationContext
2023-04-01 10:25:12.279  INFO 11368 --- [restartedMain] w.s.c.ServletWebServerApplicationContext : Root WebApplicationContext: initialization completed in 1386 ms
2023-04-01 10:25:12.936  INFO 11368 --- [restartedMain] o.s.b.a.w.s.WelcomePageHandlerMapping    : Adding welcome page: class path resource [static/index.html]
2023-04-01 10:25:13.088  INFO 11368 --- [restartedMain] o.s.b.d.a.OptionalLiveReloadServer       : LiveReload server is running on port 35729
2023-04-01 10:25:13.130  INFO 11368 --- [restartedMain] o.s.b.w.embedded.tomcat.TomcatWebServer  : Tomcat started on port(s): 8083 (http) with context path ''
2023-04-01 10:25:13.145  INFO 11368 --- [restartedMain] c.example.onlineoj.OnlineOjApplication   : Started OnlineOjApplication in 2.944 seconds (JVM running for 4.115)
2023-04-01 10:25:27.344  INFO 11368 --- [http-nio-8083-exec-2] o.a.c.c.C.[Tomcat].[localhost].[/]       : Initializing Spring DispatcherServlet 'dispatcherServlet'
2023-04-01 10:25:27.344  INFO 11368 --- [http-nio-8083-exec-2] o.s.web.servlet.DispatcherServlet        : Initializing Servlet 'dispatcherServlet'
2023-04-01 10:25:27.345  INFO 11368 --- [http-nio-8083-exec-2] o.s.web.servlet.DispatcherServlet        : Completed initialization in 0 ms
2023-04-01 10:25:34.973  INFO 11368 --- [http-nio-8083-exec-2] com.zaxxer.hikari.HikariDataSource       : HikariPool-1 - Starting...
2023-04-01 10:25:35.524  INFO 11368 --- [http-nio-8083-exec-2] com.zaxxer.hikari.HikariDataSource       : HikariPool-1 - Start completed.
2023-04-01 10:26:15.246  INFO 11368 --- [SpringApplicationShutdownHook] com.zaxxer.hikari.HikariDataSource       : HikariPool-1 - Shutdown initiated...
2023-04-01 10:26:15.257  INFO 11368 --- [SpringApplicationShutdownHook] com.zaxxer.hikari.HikariDataSource       : HikariPool-1 - Shutdown completed.
2023-04-01 10:29:46.139  INFO 17508 --- [restartedMain] c.example.onlineoj.OnlineOjApplication   : Starting OnlineOjApplication using Java 1.8.0_192 on HONOR-MAGICBOOK with PID 17508 (D:\Github\OnlineOJ\target\classes started by wangfuming in D:\Github\OnlineOJ)
2023-04-01 10:29:46.142  INFO 17508 --- [restartedMain] c.example.onlineoj.OnlineOjApplication   : No active profile set, falling back to 1 default profile: "default"
2023-04-01 10:29:46.205  INFO 17508 --- [restartedMain] .e.DevToolsPropertyDefaultsPostProcessor : Devtools property defaults active! Set 'spring.devtools.add-properties' to 'false' to disable
2023-04-01 10:29:46.206  INFO 17508 --- [restartedMain] .e.DevToolsPropertyDefaultsPostProcessor : For additional web related logging consider setting the 'logging.level.web' property to 'DEBUG'
2023-04-01 10:29:47.352  INFO 17508 --- [restartedMain] o.s.b.w.embedded.tomcat.TomcatWebServer  : Tomcat initialized with port(s): 8083 (http)
2023-04-01 10:29:47.360  INFO 17508 --- [restartedMain] o.apache.catalina.core.StandardService   : Starting service [Tomcat]
2023-04-01 10:29:47.360  INFO 17508 --- [restartedMain] org.apache.catalina.core.StandardEngine  : Starting Servlet engine: [Apache Tomcat/9.0.60]
2023-04-01 10:29:47.427  INFO 17508 --- [restartedMain] o.a.c.c.C.[Tomcat].[localhost].[/]       : Initializing Spring embedded WebApplicationContext
2023-04-01 10:29:47.427  INFO 17508 --- [restartedMain] w.s.c.ServletWebServerApplicationContext : Root WebApplicationContext: initialization completed in 1219 ms
2023-04-01 10:29:48.014  INFO 17508 --- [restartedMain] o.s.b.a.w.s.WelcomePageHandlerMapping    : Adding welcome page: class path resource [static/index.html]
2023-04-01 10:29:48.147  INFO 17508 --- [restartedMain] o.s.b.d.a.OptionalLiveReloadServer       : LiveReload server is running on port 35729
2023-04-01 10:29:48.175  INFO 17508 --- [restartedMain] o.s.b.w.embedded.tomcat.TomcatWebServer  : Tomcat started on port(s): 8083 (http) with context path ''
2023-04-01 10:29:48.185  INFO 17508 --- [restartedMain] c.example.onlineoj.OnlineOjApplication   : Started OnlineOjApplication in 2.542 seconds (JVM running for 3.477)
2023-04-01 10:29:56.684  INFO 17508 --- [http-nio-8083-exec-4] o.a.c.c.C.[Tomcat].[localhost].[/]       : Initializing Spring DispatcherServlet 'dispatcherServlet'
2023-04-01 10:29:56.684  INFO 17508 --- [http-nio-8083-exec-4] o.s.web.servlet.DispatcherServlet        : Initializing Servlet 'dispatcherServlet'
2023-04-01 10:29:56.685  INFO 17508 --- [http-nio-8083-exec-4] o.s.web.servlet.DispatcherServlet        : Completed initialization in 1 ms
2023-04-01 10:29:56.769  INFO 17508 --- [http-nio-8083-exec-4] com.zaxxer.hikari.HikariDataSource       : HikariPool-1 - Starting...
2023-04-01 10:29:56.863  INFO 17508 --- [http-nio-8083-exec-4] com.zaxxer.hikari.HikariDataSource       : HikariPool-1 - Start completed.
2023-04-01 10:30:47.495  INFO 17508 --- [SpringApplicationShutdownHook] com.zaxxer.hikari.HikariDataSource       : HikariPool-1 - Shutdown initiated...
2023-04-01 10:30:47.505  INFO 17508 --- [SpringApplicationShutdownHook] com.zaxxer.hikari.HikariDataSource       : HikariPool-1 - Shutdown completed.
2023-04-01 10:30:58.311  INFO 6584 --- [restartedMain] c.example.onlineoj.OnlineOjApplication   : Starting OnlineOjApplication using Java 1.8.0_192 on HONOR-MAGICBOOK with PID 6584 (D:\Github\OnlineOJ\target\classes started by wangfuming in D:\Github\OnlineOJ)
2023-04-01 10:30:58.314  INFO 6584 --- [restartedMain] c.example.onlineoj.OnlineOjApplication   : No active profile set, falling back to 1 default profile: "default"
2023-04-01 10:30:58.405  INFO 6584 --- [restartedMain] .e.DevToolsPropertyDefaultsPostProcessor : Devtools property defaults active! Set 'spring.devtools.add-properties' to 'false' to disable
2023-04-01 10:30:58.406  INFO 6584 --- [restartedMain] .e.DevToolsPropertyDefaultsPostProcessor : For additional web related logging consider setting the 'logging.level.web' property to 'DEBUG'
2023-04-01 10:30:59.834  INFO 6584 --- [restartedMain] o.s.b.w.embedded.tomcat.TomcatWebServer  : Tomcat initialized with port(s): 8083 (http)
2023-04-01 10:30:59.844  INFO 6584 --- [restartedMain] o.apache.catalina.core.StandardService   : Starting service [Tomcat]
2023-04-01 10:30:59.844  INFO 6584 --- [restartedMain] org.apache.catalina.core.StandardEngine  : Starting Servlet engine: [Apache Tomcat/9.0.60]
2023-04-01 10:30:59.925  INFO 6584 --- [restartedMain] o.a.c.c.C.[Tomcat].[localhost].[/]       : Initializing Spring embedded WebApplicationContext
2023-04-01 10:30:59.925  INFO 6584 --- [restartedMain] w.s.c.ServletWebServerApplicationContext : Root WebApplicationContext: initialization completed in 1517 ms
2023-04-01 10:31:00.452  INFO 6584 --- [restartedMain] o.s.b.a.w.s.WelcomePageHandlerMapping    : Adding welcome page: class path resource [static/index.html]
2023-04-01 10:31:00.670  INFO 6584 --- [restartedMain] o.s.b.d.a.OptionalLiveReloadServer       : LiveReload server is running on port 35729
2023-04-01 10:31:00.710  INFO 6584 --- [restartedMain] o.s.b.w.embedded.tomcat.TomcatWebServer  : Tomcat started on port(s): 8083 (http) with context path ''
2023-04-01 10:31:00.723  INFO 6584 --- [restartedMain] c.example.onlineoj.OnlineOjApplication   : Started OnlineOjApplication in 3.038 seconds (JVM running for 4.051)
2023-04-01 10:31:04.942  INFO 6584 --- [http-nio-8083-exec-1] o.a.c.c.C.[Tomcat].[localhost].[/]       : Initializing Spring DispatcherServlet 'dispatcherServlet'
2023-04-01 10:31:04.944  INFO 6584 --- [http-nio-8083-exec-1] o.s.web.servlet.DispatcherServlet        : Initializing Servlet 'dispatcherServlet'
2023-04-01 10:31:04.945  INFO 6584 --- [http-nio-8083-exec-1] o.s.web.servlet.DispatcherServlet        : Completed initialization in 0 ms
2023-04-01 10:31:05.031  INFO 6584 --- [http-nio-8083-exec-1] com.zaxxer.hikari.HikariDataSource       : HikariPool-1 - Starting...
2023-04-01 10:31:05.130  INFO 6584 --- [http-nio-8083-exec-1] com.zaxxer.hikari.HikariDataSource       : HikariPool-1 - Start completed.
2023-04-01 10:31:53.141  INFO 6584 --- [SpringApplicationShutdownHook] com.zaxxer.hikari.HikariDataSource       : HikariPool-1 - Shutdown initiated...
2023-04-01 10:31:53.149  INFO 6584 --- [SpringApplicationShutdownHook] com.zaxxer.hikari.HikariDataSource       : HikariPool-1 - Shutdown completed.
2023-04-01 10:34:42.387  INFO 14644 --- [restartedMain] c.example.onlineoj.OnlineOjApplication   : Starting OnlineOjApplication using Java 1.8.0_192 on HONOR-MAGICBOOK with PID 14644 (D:\Github\OnlineOJ\target\classes started by wangfuming in D:\Github\OnlineOJ)
2023-04-01 10:34:42.389  INFO 14644 --- [restartedMain] c.example.onlineoj.OnlineOjApplication   : No active profile set, falling back to 1 default profile: "default"
2023-04-01 10:34:42.446  INFO 14644 --- [restartedMain] .e.DevToolsPropertyDefaultsPostProcessor : Devtools property defaults active! Set 'spring.devtools.add-properties' to 'false' to disable
2023-04-01 10:34:42.447  INFO 14644 --- [restartedMain] .e.DevToolsPropertyDefaultsPostProcessor : For additional web related logging consider setting the 'logging.level.web' property to 'DEBUG'
2023-04-01 10:34:43.630  INFO 14644 --- [restartedMain] o.s.b.w.embedded.tomcat.TomcatWebServer  : Tomcat initialized with port(s): 8083 (http)
2023-04-01 10:34:43.638  INFO 14644 --- [restartedMain] o.apache.catalina.core.StandardService   : Starting service [Tomcat]
2023-04-01 10:34:43.638  INFO 14644 --- [restartedMain] org.apache.catalina.core.StandardEngine  : Starting Servlet engine: [Apache Tomcat/9.0.60]
2023-04-01 10:34:43.706  INFO 14644 --- [restartedMain] o.a.c.c.C.[Tomcat].[localhost].[/]       : Initializing Spring embedded WebApplicationContext
2023-04-01 10:34:43.706  INFO 14644 --- [restartedMain] w.s.c.ServletWebServerApplicationContext : Root WebApplicationContext: initialization completed in 1259 ms
2023-04-01 10:34:44.241  INFO 14644 --- [restartedMain] o.s.b.a.w.s.WelcomePageHandlerMapping    : Adding welcome page: class path resource [static/index.html]
2023-04-01 10:34:44.477  INFO 14644 --- [restartedMain] o.s.b.d.a.OptionalLiveReloadServer       : LiveReload server is running on port 35729
2023-04-01 10:34:44.509  INFO 14644 --- [restartedMain] o.s.b.w.embedded.tomcat.TomcatWebServer  : Tomcat started on port(s): 8083 (http) with context path ''
2023-04-01 10:34:44.520  INFO 14644 --- [restartedMain] c.example.onlineoj.OnlineOjApplication   : Started OnlineOjApplication in 2.621 seconds (JVM running for 3.613)
2023-04-01 10:34:47.507  INFO 14644 --- [http-nio-8083-exec-2] o.a.c.c.C.[Tomcat].[localhost].[/]       : Initializing Spring DispatcherServlet 'dispatcherServlet'
2023-04-01 10:34:47.508  INFO 14644 --- [http-nio-8083-exec-2] o.s.web.servlet.DispatcherServlet        : Initializing Servlet 'dispatcherServlet'
2023-04-01 10:34:47.509  INFO 14644 --- [http-nio-8083-exec-2] o.s.web.servlet.DispatcherServlet        : Completed initialization in 1 ms
2023-04-01 10:34:47.593  INFO 14644 --- [http-nio-8083-exec-2] com.zaxxer.hikari.HikariDataSource       : HikariPool-1 - Starting...
2023-04-01 10:34:47.690  INFO 14644 --- [http-nio-8083-exec-2] com.zaxxer.hikari.HikariDataSource       : HikariPool-1 - Start completed.
2023-04-01 10:37:57.792 ERROR 14644 --- [http-nio-8083-exec-4] com.example.onlineoj.component.Task      : ./tmp/a2e5216b-9515-4b4f-835f-437051d7406e/Solution.java
 error:2
Exception in thread "main" java.lang.StackOverflowError
	at Solution.fib(Solution.java:5)
	at Solution.fib(Solution.java:5)
	at Solution.fib(Solution.java:5)
	at Solution.fib(Solution.java:5)
	at Solution.fib(Solution.java:5)
	at Solution.fib(Solution.java:5)
	at Solution.fib(Solution.java:5)
	at Solution.fib(Solution.java:5)
	at Solution.fib(Solution.java:5)
	at Solution.fib(Solution.java:5)
	at Solution.fib(Solution.java:5)
	at Solution.fib(Solution.java:5)
	at Solution.fib(Solution.java:5)
	at Solution.fib(Solution.java:5)
	at Solution.fib(Solution.java:5)
	at Solution.fib(Solution.java:5)
	at Solution.fib(Solution.java:5)
	at Solution.fib(Solution.java:5)
	at Solution.fib(Solution.java:5)
	at Solution.fib(Solution.java:5)
	at Solution.fib(Solution.java:5)
	at Solution.fib(Solution.java:5)
	at Solution.fib(Solution.java:5)
	at Solution.fib(Solution.java:5)
	at Solution.fib(Solution.java:5)
	at Solution.fib(Solution.java:5)
	at Solution.fib(Solution.java:5)
	at Solution.fib(Solution.java:5)
	at Solution.fib(Solution.java:5)
	at Solution.fib(Solution.java:5)
	at Solution.fib(Solution.java:5)
	at Solution.fib(Solution.java:5)
	at Solution.fib(Solution.java:5)
	at Solution.fib(Solution.java:5)
	at Solution.fib(Solution.java:5)
	at Solution.fib(Solution.java:5)
	at Solution.fib(Solution.java:5)
	at Solution.fib(Solution.java:5)
	at Solution.fib(Solution.java:5)
	at Solution.fib(Solution.java:5)
	at Solution.fib(Solution.java:5)
	at Solution.fib(Solution.java:5)
	at Solution.fib(Solution.java:5)
	at Solution.fib(Solution.java:5)
	at Solution.fib(Solution.java:5)
	at Solution.fib(Solution.java:5)
	at Solution.fib(Solution.java:5)
	at Solution.fib(Solution.java:5)
	at Solution.fib(Solution.java:5)
	at Solution.fib(Solution.java:5)
	at Solution.fib(Solution.java:5)
	at Solution.fib(Solution.java:5)
	at Solution.fib(Solution.java:5)
	at Solution.fib(Solution.java:5)
	at Solution.fib(Solution.java:5)
	at Solution.fib(Solution.java:5)
	at Solution.fib(Solution.java:5)
	at Solution.fib(Solution.java:5)
	at Solution.fib(Solution.java:5)
	at Solution.fib(Solution.java:5)
	at Solution.fib(Solution.java:5)
	at Solution.fib(Solution.java:5)
	at Solution.fib(Solution.java:5)
	at Solution.fib(Solution.java:5)
	at Solution.fib(Solution.java:5)
	at Solution.fib(Solution.java:5)
	at Solution.fib(Solution.java:5)
	at Solution.fib(Solution.java:5)
	at Solution.fib(Solution.java:5)
	at Solution.fib(Solution.java:5)
	at Solution.fib(Solution.java:5)
	at Solution.fib(Solution.java:5)
	at Solution.fib(Solution.java:5)
	at Solution.fib(Solution.java:5)
	at Solution.fib(Solution.java:5)
	at Solution.fib(Solution.java:5)
	at Solution.fib(Solution.java:5)
	at Solution.fib(Solution.java:5)
	at Solution.fib(Solution.java:5)
	at Solution.fib(Solution.java:5)
	at Solution.fib(Solution.java:5)
	at Solution.fib(Solution.java:5)
	at Solution.fib(Solution.java:5)
	at Solution.fib(Solution.java:5)
	at Solution.fib(Solution.java:5)
	at Solution.fib(Solution.java:5)
	at Solution.fib(Solution.java:5)
	at Solution.fib(Solution.java:5)
	at Solution.fib(Solution.java:5)
	at Solution.fib(Solution.java:5)
	at Solution.fib(Solution.java:5)
	at Solution.fib(Solution.java:5)
	at Solution.fib(Solution.java:5)
	at Solution.fib(Solution.java:5)
	at Solution.fib(Solution.java:5)
	at Solution.fib(Solution.java:5)
	at Solution.fib(Solution.java:5)
	at Solution.fib(Solution.java:5)
	at Solution.fib(Solution.java:5)
	at Solution.fib(Solution.java:5)
	at Solution.fib(Solution.java:5)
	at Solution.fib(Solution.java:5)
	at Solution.fib(Solution.java:5)
	at Solution.fib(Solution.java:5)
	at Solution.fib(Solution.java:5)
	at Solution.fib(Solution.java:5)
	at Solution.fib(Solution.java:5)
	at Solution.fib(Solution.java:5)
	at Solution.fib(Solution.java:5)
	at Solution.fib(Solution.java:5)
	at Solution.fib(Solution.java:5)
	at Solution.fib(Solution.java:5)
	at Solution.fib(Solution.java:5)
	at Solution.fib(Solution.java:5)
	at Solution.fib(Solution.java:5)
	at Solution.fib(Solution.java:5)

2023-04-01 10:43:06.810  INFO 14644 --- [SpringApplicationShutdownHook] com.zaxxer.hikari.HikariDataSource       : HikariPool-1 - Shutdown initiated...
2023-04-01 10:43:06.819  INFO 14644 --- [SpringApplicationShutdownHook] com.zaxxer.hikari.HikariDataSource       : HikariPool-1 - Shutdown completed.
2023-04-01 10:44:04.126  INFO 11420 --- [restartedMain] c.example.onlineoj.OnlineOjApplication   : Starting OnlineOjApplication using Java 1.8.0_192 on HONOR-MAGICBOOK with PID 11420 (D:\Github\OnlineOJ\target\classes started by wangfuming in D:\Github\OnlineOJ)
2023-04-01 10:44:04.129  INFO 11420 --- [restartedMain] c.example.onlineoj.OnlineOjApplication   : No active profile set, falling back to 1 default profile: "default"
2023-04-01 10:44:04.181  INFO 11420 --- [restartedMain] .e.DevToolsPropertyDefaultsPostProcessor : Devtools property defaults active! Set 'spring.devtools.add-properties' to 'false' to disable
2023-04-01 10:44:04.181  INFO 11420 --- [restartedMain] .e.DevToolsPropertyDefaultsPostProcessor : For additional web related logging consider setting the 'logging.level.web' property to 'DEBUG'
2023-04-01 10:44:05.359  INFO 11420 --- [restartedMain] o.s.b.w.embedded.tomcat.TomcatWebServer  : Tomcat initialized with port(s): 8083 (http)
2023-04-01 10:44:05.366  INFO 11420 --- [restartedMain] o.apache.catalina.core.StandardService   : Starting service [Tomcat]
2023-04-01 10:44:05.367  INFO 11420 --- [restartedMain] org.apache.catalina.core.StandardEngine  : Starting Servlet engine: [Apache Tomcat/9.0.60]
2023-04-01 10:44:05.446  INFO 11420 --- [restartedMain] o.a.c.c.C.[Tomcat].[localhost].[/]       : Initializing Spring embedded WebApplicationContext
2023-04-01 10:44:05.447  INFO 11420 --- [restartedMain] w.s.c.ServletWebServerApplicationContext : Root WebApplicationContext: initialization completed in 1265 ms
2023-04-01 10:44:05.927  INFO 11420 --- [restartedMain] o.s.b.a.w.s.WelcomePageHandlerMapping    : Adding welcome page: class path resource [static/index.html]
2023-04-01 10:44:06.149  INFO 11420 --- [restartedMain] o.s.b.d.a.OptionalLiveReloadServer       : LiveReload server is running on port 35729
2023-04-01 10:44:06.181  INFO 11420 --- [restartedMain] o.s.b.w.embedded.tomcat.TomcatWebServer  : Tomcat started on port(s): 8083 (http) with context path ''
2023-04-01 10:44:06.195  INFO 11420 --- [restartedMain] c.example.onlineoj.OnlineOjApplication   : Started OnlineOjApplication in 2.6 seconds (JVM running for 3.604)
2023-04-01 10:44:13.632  INFO 11420 --- [http-nio-8083-exec-1] o.a.c.c.C.[Tomcat].[localhost].[/]       : Initializing Spring DispatcherServlet 'dispatcherServlet'
2023-04-01 10:44:13.633  INFO 11420 --- [http-nio-8083-exec-1] o.s.web.servlet.DispatcherServlet        : Initializing Servlet 'dispatcherServlet'
2023-04-01 10:44:13.634  INFO 11420 --- [http-nio-8083-exec-1] o.s.web.servlet.DispatcherServlet        : Completed initialization in 1 ms
2023-04-01 10:44:13.720  INFO 11420 --- [http-nio-8083-exec-1] com.zaxxer.hikari.HikariDataSource       : HikariPool-1 - Starting...
2023-04-01 10:44:13.815  INFO 11420 --- [http-nio-8083-exec-1] com.zaxxer.hikari.HikariDataSource       : HikariPool-1 - Start completed.
2023-04-01 10:45:27.513  INFO 11420 --- [SpringApplicationShutdownHook] com.zaxxer.hikari.HikariDataSource       : HikariPool-1 - Shutdown initiated...
2023-04-01 10:45:27.524  INFO 11420 --- [SpringApplicationShutdownHook] com.zaxxer.hikari.HikariDataSource       : HikariPool-1 - Shutdown completed.
